<?xml version="1.0" encoding="UTF-8"?>
<!-- Generated by org.testng.reporters.JUnitReportReporter -->
<testsuite skipped="0" hostname="DESKTOP-LAQ1V6H" name="com.testCases.TC_WW002" tests="1" failures="0" timestamp="22 Sep 2019 21:01:34 GMT" time="15.322" errors="0">
  <testcase name="HappyCoding" time="15.322" classname="com.testCases.TC_WW002"/>
</testsuite> <!-- com.testCases.TC_WW002 -->
