<?xml version="1.0" encoding="UTF-8"?>
<!-- Generated by org.testng.reporters.JUnitReportReporter -->
<testsuite skipped="0" hostname="DESKTOP-LAQ1V6H" name="com.testCases.TC_TP_001" tests="1" failures="0" timestamp="11 Jun 2019 20:33:24 GMT" time="5.849" errors="0">
  <testcase name="loginTest" time="5.849" classname="com.testCases.TC_TP_001"/>
</testsuite> <!-- com.testCases.TC_TP_001 -->
