<?xml version="1.0" encoding="UTF-8"?>
<!-- Generated by org.testng.reporters.JUnitReportReporter -->
<testsuite skipped="0" hostname="DESKTOP-LAQ1V6H" name="com.testCases.Interview" tests="1" failures="0" timestamp="25 Jul 2019 20:44:26 GMT" time="0.006" errors="0">
  <testcase name="f" time="0.006" classname="com.testCases.Interview"/>
</testsuite> <!-- com.testCases.Interview -->
